14:37:56.160 INFO  manager.ApplicationManager - All tests starts in 'Chrome' browser
14:37:57.774 INFO  tests.TestsBase - Name of test--->addNewCarSuccess
14:37:57.777 INFO  manager.MyListener - Start find element --->By.xpath: //*[text()=' Logout ']
14:38:02.834 INFO  manager.MyListener - The element with locator ---> By.xpath: //*[text()=' Logout '] ---> was found
14:38:02.835 INFO  manager.MyListener - Start find element --->By.xpath: //a[text()=' Log in ']
14:38:02.860 INFO  manager.MyListener - The element with locator ---> By.xpath: //a[text()=' Log in '] ---> was found
14:38:02.948 INFO  manager.MyListener - Start find element --->By.id: email
14:38:02.971 INFO  manager.MyListener - The element with locator ---> By.id: email ---> was found
14:38:03.167 INFO  manager.MyListener - Start find element --->By.id: password
14:38:03.186 INFO  manager.MyListener - The element with locator ---> By.id: password ---> was found
14:38:03.324 INFO  manager.MyListener - Start find element --->By.cssSelector: [type='submit']
14:38:03.340 INFO  manager.MyListener - The element with locator ---> By.cssSelector: [type='submit'] ---> was found
14:38:03.403 INFO  manager.MyListener - Start find element --->By.xpath: //div[@class='dialog-container']
14:38:04.006 INFO  manager.MyListener - The element with locator ---> By.xpath: //div[@class='dialog-container'] ---> was found
14:38:04.006 INFO  manager.MyListener - Start find element --->By.xpath: //*[text()='Ok']
14:38:04.026 INFO  manager.MyListener - The element with locator ---> By.xpath: //*[text()='Ok'] ---> was found
14:38:06.103 INFO  manager.MyListener - Start find element --->By.cssSelector: [href='/let-car-work']
14:38:06.121 INFO  manager.MyListener - The element with locator ---> By.cssSelector: [href='/let-car-work'] ---> was found
14:38:06.209 INFO  manager.MyListener - Start find element --->By.id: pickUpPlace
14:38:06.232 INFO  manager.MyListener - The element with locator ---> By.id: pickUpPlace ---> was found
14:38:06.381 INFO  manager.MyListener - Start find element --->By.cssSelector: .pac-item
14:38:06.768 INFO  manager.MyListener - The element with locator ---> By.cssSelector: .pac-item ---> was found
14:38:07.337 INFO  manager.MyListener - Start find element --->By.id: mak
14:38:12.377 INFO  manager.MyListener - We have a throwable -->no such element: Unable to locate element: {"method":"css selector","selector":"#mak"}
  (Session info: chrome=98.0.4758.80)
For documentation on this error, please visit: https://www.seleniumhq.org/exceptions/no_such_element.html
Build info: version: '3.141.59', revision: 'e82be7d358', time: '2018-11-14T08:17:03'
System info: host: 'DESKTOP-889P2QA', ip: '192.168.137.1', os.name: 'Windows 10', os.arch: 'amd64', os.version: '10.0', java.version: '11.0.13'
Driver info: org.openqa.selenium.chrome.ChromeDriver
Capabilities {acceptInsecureCerts: false, browserName: chrome, browserVersion: 98.0.4758.80, chrome: {chromedriverVersion: 98.0.4758.80 (7f0488e8ba0d8..., userDataDir: C:\Users\user\AppData\Local...}, goog:chromeOptions: {debuggerAddress: localhost:53620}, javascriptEnabled: true, networkConnectionEnabled: false, pageLoadStrategy: normal, platform: WINDOWS, platformName: WINDOWS, proxy: Proxy(), setWindowRect: true, strictFileInteractability: false, timeouts: {implicit: 0, pageLoad: 300000, script: 30000}, unhandledPromptBehavior: dismiss and notify, webauthn:extension:credBlob: true, webauthn:extension:largeBlob: true, webauthn:virtualAuthenticators: true}
Session ID: dce4e045216eb8552ebb312a3d810a5d
*** Element info: {Using=id, value=mak}
14:38:12.378 INFO  manager.MyListener - org.openqa.selenium.NoSuchElementException: no such element: Unable to locate element: {"method":"css selector","selector":"#mak"}
  (Session info: chrome=98.0.4758.80)
For documentation on this error, please visit: https://www.seleniumhq.org/exceptions/no_such_element.html
Build info: version: '3.141.59', revision: 'e82be7d358', time: '2018-11-14T08:17:03'
System info: host: 'DESKTOP-889P2QA', ip: '192.168.137.1', os.name: 'Windows 10', os.arch: 'amd64', os.version: '10.0', java.version: '11.0.13'
Driver info: org.openqa.selenium.chrome.ChromeDriver
Capabilities {acceptInsecureCerts: false, browserName: chrome, browserVersion: 98.0.4758.80, chrome: {chromedriverVersion: 98.0.4758.80 (7f0488e8ba0d8..., userDataDir: C:\Users\user\AppData\Local...}, goog:chromeOptions: {debuggerAddress: localhost:53620}, javascriptEnabled: true, networkConnectionEnabled: false, pageLoadStrategy: normal, platform: WINDOWS, platformName: WINDOWS, proxy: Proxy(), setWindowRect: true, strictFileInteractability: false, timeouts: {implicit: 0, pageLoad: 300000, script: 30000}, unhandledPromptBehavior: dismiss and notify, webauthn:extension:credBlob: true, webauthn:extension:largeBlob: true, webauthn:virtualAuthenticators: true}
Session ID: dce4e045216eb8552ebb312a3d810a5d
*** Element info: {Using=id, value=mak}
14:38:12.379 INFO  manager.MyListener - This is number of your screen-->
14:38:12.382 INFO  manager.MyListener - This is number of your screen-->src/test/screenshots/2292.png
14:38:12.497 INFO  manager.MyListener - Start find element --->By.xpath: //button[text()='Search cars']
14:38:17.531 INFO  manager.MyListener - We have a throwable -->no such element: Unable to locate element: {"method":"xpath","selector":"//button[text()='Search cars']"}
  (Session info: chrome=98.0.4758.80)
For documentation on this error, please visit: https://www.seleniumhq.org/exceptions/no_such_element.html
Build info: version: '3.141.59', revision: 'e82be7d358', time: '2018-11-14T08:17:03'
System info: host: 'DESKTOP-889P2QA', ip: '192.168.137.1', os.name: 'Windows 10', os.arch: 'amd64', os.version: '10.0', java.version: '11.0.13'
Driver info: org.openqa.selenium.chrome.ChromeDriver
Capabilities {acceptInsecureCerts: false, browserName: chrome, browserVersion: 98.0.4758.80, chrome: {chromedriverVersion: 98.0.4758.80 (7f0488e8ba0d8..., userDataDir: C:\Users\user\AppData\Local...}, goog:chromeOptions: {debuggerAddress: localhost:53620}, javascriptEnabled: true, networkConnectionEnabled: false, pageLoadStrategy: normal, platform: WINDOWS, platformName: WINDOWS, proxy: Proxy(), setWindowRect: true, strictFileInteractability: false, timeouts: {implicit: 0, pageLoad: 300000, script: 30000}, unhandledPromptBehavior: dismiss and notify, webauthn:extension:credBlob: true, webauthn:extension:largeBlob: true, webauthn:virtualAuthenticators: true}
Session ID: dce4e045216eb8552ebb312a3d810a5d
*** Element info: {Using=xpath, value=//button[text()='Search cars']}
14:38:17.532 INFO  manager.MyListener - org.openqa.selenium.NoSuchElementException: no such element: Unable to locate element: {"method":"xpath","selector":"//button[text()='Search cars']"}
  (Session info: chrome=98.0.4758.80)
For documentation on this error, please visit: https://www.seleniumhq.org/exceptions/no_such_element.html
Build info: version: '3.141.59', revision: 'e82be7d358', time: '2018-11-14T08:17:03'
System info: host: 'DESKTOP-889P2QA', ip: '192.168.137.1', os.name: 'Windows 10', os.arch: 'amd64', os.version: '10.0', java.version: '11.0.13'
Driver info: org.openqa.selenium.chrome.ChromeDriver
Capabilities {acceptInsecureCerts: false, browserName: chrome, browserVersion: 98.0.4758.80, chrome: {chromedriverVersion: 98.0.4758.80 (7f0488e8ba0d8..., userDataDir: C:\Users\user\AppData\Local...}, goog:chromeOptions: {debuggerAddress: localhost:53620}, javascriptEnabled: true, networkConnectionEnabled: false, pageLoadStrategy: normal, platform: WINDOWS, platformName: WINDOWS, proxy: Proxy(), setWindowRect: true, strictFileInteractability: false, timeouts: {implicit: 0, pageLoad: 300000, script: 30000}, unhandledPromptBehavior: dismiss and notify, webauthn:extension:credBlob: true, webauthn:extension:largeBlob: true, webauthn:virtualAuthenticators: true}
Session ID: dce4e045216eb8552ebb312a3d810a5d
*** Element info: {Using=xpath, value=//button[text()='Search cars']}
14:38:17.533 INFO  manager.MyListener - This is number of your screen-->
14:38:17.533 INFO  manager.MyListener - This is number of your screen-->src/test/screenshots/2297.png
